app/build/intermediates/manifest_merge_blame_file/debug/manifest-merger-blame-debug-report.txt
1<?xml version="1.0" encoding="utf-8"?>
2<manifest xmlns:android="http://schemas.android.com/apk/res/android"
3    package="worldline.ssm.rd.ux.wltwitter"
4    android:versionCode="1"
5    android:versionName="1.0" >
6
7    <uses-sdk
8        android:minSdkVersion="22"
8-->src/main/AndroidManifest.xml
9        android:targetSdkVersion="29" />
9-->src/main/AndroidManifest.xml
10
11    <uses-permission android:name="android.permission.INTERNET" />
11-->src/main/AndroidManifest.xml:5:5-67
11-->src/main/AndroidManifest.xml:5:22-64
12
13    <application
13-->src/main/AndroidManifest.xml:7:5-25:19
14        android:name="worldline.ssm.rd.ux.wltwitter.WLTwitterApplication"
14-->src/main/AndroidManifest.xml:7:18-54
15        android:allowBackup="true"
15-->src/main/AndroidManifest.xml:9:9-35
16        android:appComponentFactory="androidx.core.app.CoreComponentFactory"
16-->[androidx.core:core:1.0.1] AndroidManifest.xml:22:18-86
17        android:debuggable="true"
18        android:icon="@mipmap/ic_launcher"
18-->src/main/AndroidManifest.xml:10:9-43
19        android:label="@string/app_name"
19-->src/main/AndroidManifest.xml:11:9-41
20        android:roundIcon="@mipmap/ic_launcher_round"
20-->src/main/AndroidManifest.xml:12:9-54
21        android:supportsRtl="true"
21-->src/main/AndroidManifest.xml:13:9-35
22        android:testOnly="true"
23        android:theme="@style/AppTheme"
23-->src/main/AndroidManifest.xml:14:9-40
24        android:usesCleartextTraffic="true" >
24-->src/main/AndroidManifest.xml:8:9-44
25        <activity android:name="worldline.ssm.rd.ux.wltwitter.WLTwitterActivity" >
25-->src/main/AndroidManifest.xml:15:9-17:20
25-->src/main/AndroidManifest.xml:15:19-52
26        </activity>
27        <activity android:name="worldline.ssm.rd.ux.wltwitter.WLTwitterLoginActivity" >
27-->src/main/AndroidManifest.xml:18:9-24:20
27-->src/main/AndroidManifest.xml:18:19-57
28            <intent-filter>
28-->src/main/AndroidManifest.xml:19:13-23:29
29                <action android:name="android.intent.action.MAIN" />
29-->src/main/AndroidManifest.xml:20:13-65
29-->src/main/AndroidManifest.xml:20:21-62
30                <action android:name="android.intent.action.VIEW" />
30-->src/main/AndroidManifest.xml:21:13-65
30-->src/main/AndroidManifest.xml:21:21-62
31
32                <category android:name="android.intent.category.LAUNCHER" />
32-->src/main/AndroidManifest.xml:22:13-73
32-->src/main/AndroidManifest.xml:22:23-70
33            </intent-filter>
34        </activity>
35
36        <service
36-->[androidx.room:room-runtime:2.2.0] AndroidManifest.xml:25:9-27:40
37            android:name="androidx.room.MultiInstanceInvalidationService"
37-->[androidx.room:room-runtime:2.2.0] AndroidManifest.xml:26:13-74
38            android:exported="false" />
38-->[androidx.room:room-runtime:2.2.0] AndroidManifest.xml:27:13-37
39    </application>
40
41</manifest>